<?xml version="1.0" encoding="UTF-8"?>
<!-- Generated by org.testng.reporters.JUnitReportReporter -->
<testsuite hostname="DESKTOP-EP5QP2U" failures="0" tests="1" name="com.OrangeHRM.TestCases.OrgangeHRM" time="19.871" errors="0" timestamp="31 Jul 2022 07:19:55 GMT" skipped="0">
  <testcase classname="com.OrangeHRM.TestCases.OrgangeHRM" name="loginHRM" time="19.871"/>
</testsuite> <!-- com.OrangeHRM.TestCases.OrgangeHRM -->
